\BOOKMARK [0][-]{chapter.1}{An Evaluation of Web-Scraping}{}% 1
\BOOKMARK [1][-]{section.1.1}{An Overview of Web-Scraping}{chapter.1}% 2
\BOOKMARK [1][-]{section.1.2}{Usage of Web-Scraping}{chapter.1}% 3
\BOOKMARK [1][-]{section.1.3}{Advantages of Web-Scraping}{chapter.1}% 4
\BOOKMARK [2][-]{subsection.1.3.1}{Speed}{section.1.3}% 5
\BOOKMARK [2][-]{subsection.1.3.2}{Convenience for Data Analysis}{section.1.3}% 6
\BOOKMARK [2][-]{subsection.1.3.3}{Availability}{section.1.3}% 7
\BOOKMARK [1][-]{section.1.4}{Challenges of Web-Scraping}{chapter.1}% 8
\BOOKMARK [2][-]{subsection.1.4.1}{Legality}{section.1.4}% 9
\BOOKMARK [2][-]{subsection.1.4.2}{Intricate and Dynamic Web Structures}{section.1.4}% 10
\BOOKMARK [2][-]{subsection.1.4.3}{Instability}{section.1.4}% 11
\BOOKMARK [0][-]{chapter.2}{My Internship}{}% 12
\BOOKMARK [1][-]{section.2.1}{Overview of My Internship at Pinnacle Solutions, Inc.}{chapter.2}% 13
\BOOKMARK [1][-]{section.2.2}{How Web-Scraping Became the Best Option}{chapter.2}% 14
\BOOKMARK [1][-]{section.2.3}{Scrapy, a Python Framework}{chapter.2}% 15
\BOOKMARK [0][-]{chapter.3}{Scrapy Explained in Greater Detail}{}% 16
\BOOKMARK [1][-]{section.3.1}{Test How Much You Can See}{chapter.3}% 17
\BOOKMARK [1][-]{section.3.2}{Test If the Data is Scrapable}{chapter.3}% 18
\BOOKMARK [1][-]{section.3.3}{Iterators}{chapter.3}% 19
\BOOKMARK [1][-]{section.3.4}{Specification}{chapter.3}% 20
\BOOKMARK [1][-]{section.3.5}{Produce a sample output}{chapter.3}% 21
\BOOKMARK [0][-]{chapter.4}{Future Development of the Project}{}% 22
\BOOKMARK [1][-]{section.4.1}{Natural Language Toolkit}{chapter.4}% 23
\BOOKMARK [1][-]{section.4.2}{Data Mining}{chapter.4}% 24
\BOOKMARK [1][-]{section.4.3}{Graphic User Interface}{chapter.4}% 25
\BOOKMARK [0][-]{section*.4}{Appendices}{}% 26
